2015-09-07 22:16:26 weka.gui.GUIChooser main
INFO: Logging started
---Registering Weka Editors---
Trying to add database driver (JDBC): RmiJdbc.RJDriver - Error, not in CLASSPATH?
Trying to add database driver (JDBC): jdbc.idbDriver - Error, not in CLASSPATH?
Trying to add database driver (JDBC): org.gjt.mm.mysql.Driver - Error, not in CLASSPATH?
Trying to add database driver (JDBC): com.mckoi.JDBCDriver - Error, not in CLASSPATH?
Trying to add database driver (JDBC): org.hsqldb.jdbcDriver - Error, not in CLASSPATH?
2015-09-07 22:16:30 weka.gui.explorer.Explorer <init>
INFO: Weka Explorer
2015-09-07 22:16:30 weka.gui.explorer.Explorer <init>
INFO: (c) 1999-2013 The University of Waikato, Hamilton, New Zealand
2015-09-07 22:16:30 weka.gui.explorer.Explorer <init>
INFO: web: http://www.cs.waikato.ac.nz/~ml/weka/
2015-09-07 22:16:30 weka.gui.explorer.Explorer <init>
INFO: Started on Monday, 7 September 2015
java.lang.Exception: No user test set has been specified
	weka.gui.explorer.ClassifierPanel$16.run(ClassifierPanel.java:1302)

	at weka.gui.explorer.ClassifierPanel$16.run(ClassifierPanel.java:1302)
2015-09-07 22:16:53 weka.gui.explorer.ClassifierPanel$16 run
INFO: No user test set has been specified
2015-09-07 22:16:57 weka.gui.explorer.ClassifierPanel$16 run
INFO: Started weka.classifiers.bayes.NaiveBayes
2015-09-07 22:16:57 weka.gui.explorer.ClassifierPanel$16 run
INFO: Command:weka.classifiers.bayes.NaiveBayes 
2015-09-07 22:16:57 weka.gui.explorer.ClassifierPanel$16 run
INFO: Finished weka.classifiers.bayes.NaiveBayes
2015-09-07 22:17:57 weka.gui.explorer.ClassifierPanel$16 run
INFO: Started weka.classifiers.bayes.NaiveBayes
2015-09-07 22:17:57 weka.gui.explorer.ClassifierPanel$16 run
INFO: Command:weka.classifiers.bayes.NaiveBayes 
2015-09-07 22:17:57 weka.gui.explorer.ClassifierPanel$16 run
INFO: Finished weka.classifiers.bayes.NaiveBayes
2015-09-07 22:25:07 weka.gui.explorer.ClassifierPanel$16 run
INFO: Started weka.classifiers.bayes.NaiveBayes
2015-09-07 22:25:07 weka.gui.explorer.ClassifierPanel$16 run
INFO: Command:weka.classifiers.bayes.NaiveBayes 
2015-09-07 22:25:07 weka.gui.explorer.ClassifierPanel$16 run
INFO: Finished weka.classifiers.bayes.NaiveBayes
2015-09-07 22:27:22 weka.gui.explorer.ClassifierPanel$16 run
INFO: Started weka.classifiers.bayes.NaiveBayes
2015-09-07 22:27:22 weka.gui.explorer.ClassifierPanel$16 run
INFO: Command:weka.classifiers.bayes.NaiveBayes 
2015-09-07 22:27:22 weka.gui.explorer.ClassifierPanel$16 run
INFO: Finished weka.classifiers.bayes.NaiveBayes
2015-09-07 22:28:45 weka.gui.explorer.ClassifierPanel$16 run
INFO: Started weka.classifiers.bayes.NaiveBayes
2015-09-07 22:28:45 weka.gui.explorer.ClassifierPanel$16 run
INFO: Command:weka.classifiers.bayes.NaiveBayes 
java.io.IOException: nominal value not declared in header, read Token[Roasted], line 9
	weka.core.converters.ArffLoader$ArffReader.errorMessage(ArffLoader.java:240)
	weka.core.converters.ArffLoader$ArffReader.getInstanceFull(ArffLoader.java:578)
	weka.core.converters.ArffLoader$ArffReader.getInstance(ArffLoader.java:423)
	weka.core.converters.ArffLoader$ArffReader.readInstance(ArffLoader.java:391)
	weka.core.converters.ArffLoader$ArffReader.readInstance(ArffLoader.java:376)
	weka.core.converters.ArffLoader.getNextInstance(ArffLoader.java:1054)
	weka.core.converters.ConverterUtils$DataSource.hasMoreElements(ConverterUtils.java:372)
	weka.gui.explorer.ClassifierPanel$16.run(ClassifierPanel.java:1704)

	at weka.core.converters.ArffLoader$ArffReader.errorMessage(ArffLoader.java:240)
	at weka.core.converters.ArffLoader$ArffReader.getInstanceFull(ArffLoader.java:578)
	at weka.core.converters.ArffLoader$ArffReader.getInstance(ArffLoader.java:423)
	at weka.core.converters.ArffLoader$ArffReader.readInstance(ArffLoader.java:391)
	at weka.core.converters.ArffLoader$ArffReader.readInstance(ArffLoader.java:376)
	at weka.core.converters.ArffLoader.getNextInstance(ArffLoader.java:1054)
	at weka.core.converters.ConverterUtils$DataSource.hasMoreElements(ConverterUtils.java:372)
	at weka.gui.explorer.ClassifierPanel$16.run(ClassifierPanel.java:1704)
2015-09-07 22:28:45 weka.gui.explorer.ClassifierPanel$16 run
INFO: Finished weka.classifiers.bayes.NaiveBayes
2015-09-07 22:29:09 weka.gui.explorer.ClassifierPanel$16 run
INFO: Started weka.classifiers.bayes.NaiveBayes
2015-09-07 22:29:09 weka.gui.explorer.ClassifierPanel$16 run
INFO: Command:weka.classifiers.bayes.NaiveBayes 
2015-09-07 22:29:09 weka.gui.explorer.ClassifierPanel$16 run
INFO: Finished weka.classifiers.bayes.NaiveBayes
2015-09-07 22:30:10 weka.gui.explorer.ClassifierPanel$16 run
INFO: Started weka.classifiers.bayes.NaiveBayes
2015-09-07 22:30:10 weka.gui.explorer.ClassifierPanel$16 run
INFO: Command:weka.classifiers.bayes.NaiveBayes 
2015-09-07 22:30:10 weka.gui.explorer.ClassifierPanel$16 run
INFO: Finished weka.classifiers.bayes.NaiveBayes
